  BidirectionalNN.cpp
E:\otisGIT\University\2 year\AOIS\src\aois_3\aois_3\BidirectionalNN.cpp(6,2): error C2679: бинарный "=": не найден оператор, принимающий правый операнд типа "std::vector<std::vector<int,std::allocator<int>>,std::allocator<std::vector<int,std::allocator<int>>>>" (или приемлемое преобразование отсутствует)
C:\Program Files\Microsoft Visual Studio\2022\Community\VC\Tools\MSVC\14.34.31933\include\vector(1566,26): message : может быть "std::vector<std::vector<double,std::allocator<double>>,std::allocator<std::vector<double,std::allocator<double>>>> &std::vector<std::vector<double,std::allocator<double>>,std::allocator<std::vector<double,std::allocator<double>>>>::operator =(std::initializer_list<_Ty>)"
          with
          [
              _Ty=std::vector<double,std::allocator<double>>
          ]
C:\Program Files\Microsoft Visual Studio\2022\Community\VC\Tools\MSVC\14.34.31933\include\vector(1545,26): message : или       "std::vector<std::vector<double,std::allocator<double>>,std::allocator<std::vector<double,std::allocator<double>>>> &std::vector<std::vector<double,std::allocator<double>>,std::allocator<std::vector<double,std::allocator<double>>>>::operator =(const std::vector<std::vector<double,std::allocator<double>>,std::allocator<std::vector<double,std::allocator<double>>>> &)"
C:\Program Files\Microsoft Visual Studio\2022\Community\VC\Tools\MSVC\14.34.31933\include\vector(798,26): message : или       "std::vector<std::vector<double,std::allocator<double>>,std::allocator<std::vector<double,std::allocator<double>>>> &std::vector<std::vector<double,std::allocator<double>>,std::allocator<std::vector<double,std::allocator<double>>>>::operator =(std::vector<std::vector<double,std::allocator<double>>,std::allocator<std::vector<double,std::allocator<double>>>> &&) noexcept(<expr>)"
E:\otisGIT\University\2 year\AOIS\src\aois_3\aois_3\BidirectionalNN.cpp(6,2): message : при попытке сопоставить список аргументов "(std::vector<std::vector<double,std::allocator<double>>,std::allocator<std::vector<double,std::allocator<double>>>>, std::vector<std::vector<int,std::allocator<int>>,std::allocator<std::vector<int,std::allocator<int>>>>)"
E:\otisGIT\University\2 year\AOIS\src\aois_3\aois_3\BidirectionalNN.cpp(7,2): error C2679: бинарный "=": не найден оператор, принимающий правый операнд типа "std::vector<std::vector<int,std::allocator<int>>,std::allocator<std::vector<int,std::allocator<int>>>>" (или приемлемое преобразование отсутствует)
C:\Program Files\Microsoft Visual Studio\2022\Community\VC\Tools\MSVC\14.34.31933\include\vector(1566,26): message : может быть "std::vector<std::vector<double,std::allocator<double>>,std::allocator<std::vector<double,std::allocator<double>>>> &std::vector<std::vector<double,std::allocator<double>>,std::allocator<std::vector<double,std::allocator<double>>>>::operator =(std::initializer_list<_Ty>)"
          with
          [
              _Ty=std::vector<double,std::allocator<double>>
          ]
C:\Program Files\Microsoft Visual Studio\2022\Community\VC\Tools\MSVC\14.34.31933\include\vector(1545,26): message : или       "std::vector<std::vector<double,std::allocator<double>>,std::allocator<std::vector<double,std::allocator<double>>>> &std::vector<std::vector<double,std::allocator<double>>,std::allocator<std::vector<double,std::allocator<double>>>>::operator =(const std::vector<std::vector<double,std::allocator<double>>,std::allocator<std::vector<double,std::allocator<double>>>> &)"
C:\Program Files\Microsoft Visual Studio\2022\Community\VC\Tools\MSVC\14.34.31933\include\vector(798,26): message : или       "std::vector<std::vector<double,std::allocator<double>>,std::allocator<std::vector<double,std::allocator<double>>>> &std::vector<std::vector<double,std::allocator<double>>,std::allocator<std::vector<double,std::allocator<double>>>>::operator =(std::vector<std::vector<double,std::allocator<double>>,std::allocator<std::vector<double,std::allocator<double>>>> &&) noexcept(<expr>)"
E:\otisGIT\University\2 year\AOIS\src\aois_3\aois_3\BidirectionalNN.cpp(7,2): message : при попытке сопоставить список аргументов "(std::vector<std::vector<double,std::allocator<double>>,std::allocator<std::vector<double,std::allocator<double>>>>, std::vector<std::vector<int,std::allocator<int>>,std::allocator<std::vector<int,std::allocator<int>>>>)"
E:\otisGIT\University\2 year\AOIS\src\aois_3\aois_3\BidirectionalNN.cpp(27,31): warning C4267: инициализация: преобразование из "size_t" в "int"; возможна потеря данных
E:\otisGIT\University\2 year\AOIS\src\aois_3\aois_3\BidirectionalNN.cpp(28,34): warning C4267: инициализация: преобразование из "size_t" в "int"; возможна потеря данных
E:\otisGIT\University\2 year\AOIS\src\aois_3\aois_3\BidirectionalNN.cpp(29,34): warning C4267: инициализация: преобразование из "size_t" в "int"; возможна потеря данных
E:\otisGIT\University\2 year\AOIS\src\aois_3\aois_3\BidirectionalNN.cpp(54,2): error C2679: бинарный "=": не найден оператор, принимающий правый операнд типа "std::vector<std::vector<int,std::allocator<int>>,std::allocator<std::vector<int,std::allocator<int>>>>" (или приемлемое преобразование отсутствует)
C:\Program Files\Microsoft Visual Studio\2022\Community\VC\Tools\MSVC\14.34.31933\include\vector(1566,26): message : может быть "std::vector<std::vector<double,std::allocator<double>>,std::allocator<std::vector<double,std::allocator<double>>>> &std::vector<std::vector<double,std::allocator<double>>,std::allocator<std::vector<double,std::allocator<double>>>>::operator =(std::initializer_list<_Ty>)"
          with
          [
              _Ty=std::vector<double,std::allocator<double>>
          ]
C:\Program Files\Microsoft Visual Studio\2022\Community\VC\Tools\MSVC\14.34.31933\include\vector(1545,26): message : или       "std::vector<std::vector<double,std::allocator<double>>,std::allocator<std::vector<double,std::allocator<double>>>> &std::vector<std::vector<double,std::allocator<double>>,std::allocator<std::vector<double,std::allocator<double>>>>::operator =(const std::vector<std::vector<double,std::allocator<double>>,std::allocator<std::vector<double,std::allocator<double>>>> &)"
C:\Program Files\Microsoft Visual Studio\2022\Community\VC\Tools\MSVC\14.34.31933\include\vector(798,26): message : или       "std::vector<std::vector<double,std::allocator<double>>,std::allocator<std::vector<double,std::allocator<double>>>> &std::vector<std::vector<double,std::allocator<double>>,std::allocator<std::vector<double,std::allocator<double>>>>::operator =(std::vector<std::vector<double,std::allocator<double>>,std::allocator<std::vector<double,std::allocator<double>>>> &&) noexcept(<expr>)"
E:\otisGIT\University\2 year\AOIS\src\aois_3\aois_3\BidirectionalNN.cpp(54,2): message : при попытке сопоставить список аргументов "(std::vector<std::vector<double,std::allocator<double>>,std::allocator<std::vector<double,std::allocator<double>>>>, std::vector<std::vector<int,std::allocator<int>>,std::allocator<std::vector<int,std::allocator<int>>>>)"
E:\otisGIT\University\2 year\AOIS\src\aois_3\aois_3\BidirectionalNN.cpp(55,21): error C2664: "std::vector<std::vector<int,std::allocator<int>>,std::allocator<std::vector<int,std::allocator<int>>>> BidirectionalNN::transposeMatrix(std::vector<std::vector<int,std::allocator<int>>,std::allocator<std::vector<int,std::allocator<int>>>>)": невозможно преобразовать аргумент 1 из "std::vector<std::vector<double,std::allocator<double>>,std::allocator<std::vector<double,std::allocator<double>>>>" в "std::vector<std::vector<int,std::allocator<int>>,std::allocator<std::vector<int,std::allocator<int>>>>"
E:\otisGIT\University\2 year\AOIS\src\aois_3\aois_3\BidirectionalNN.cpp(55,37): message : Для выполнения данного преобразования нет доступного оператора преобразования, определенного пользователем, или вызов оператора невозможен
E:\otisGIT\University\2 year\AOIS\src\aois_3\aois_3\BidirectionalNN.cpp(44,48): message : см. объявление "BidirectionalNN::transposeMatrix"
E:\otisGIT\University\2 year\AOIS\src\aois_3\aois_3\BidirectionalNN.cpp(55,21): message : при попытке сопоставить список аргументов "(std::vector<std::vector<double,std::allocator<double>>,std::allocator<std::vector<double,std::allocator<double>>>>)"
E:\otisGIT\University\2 year\AOIS\src\aois_3\aois_3\BidirectionalNN.cpp(60,22): error C2664: "std::vector<std::vector<int,std::allocator<int>>,std::allocator<std::vector<int,std::allocator<int>>>> BidirectionalNN::multiplyMatrices(const std::vector<std::vector<int,std::allocator<int>>,std::allocator<std::vector<int,std::allocator<int>>>> &,const std::vector<std::vector<int,std::allocator<int>>,std::allocator<std::vector<int,std::allocator<int>>>> &)": невозможно преобразовать аргумент 2 из "std::vector<std::vector<double,std::allocator<double>>,std::allocator<std::vector<double,std::allocator<double>>>>" в "const std::vector<std::vector<int,std::allocator<int>>,std::allocator<std::vector<int,std::allocator<int>>>> &"
E:\otisGIT\University\2 year\AOIS\src\aois_3\aois_3\BidirectionalNN.cpp(60,52): message : Причина: невозможно преобразовать "std::vector<std::vector<double,std::allocator<double>>,std::allocator<std::vector<double,std::allocator<double>>>>" в "const std::vector<std::vector<int,std::allocator<int>>,std::allocator<std::vector<int,std::allocator<int>>>>"
E:\otisGIT\University\2 year\AOIS\src\aois_3\aois_3\BidirectionalNN.cpp(60,52): message : Для выполнения данного преобразования нет доступного оператора преобразования, определенного пользователем, или вызов оператора невозможен
E:\otisGIT\University\2 year\AOIS\src\aois_3\aois_3\BidirectionalNN.cpp(22,48): message : см. объявление "BidirectionalNN::multiplyMatrices"
E:\otisGIT\University\2 year\AOIS\src\aois_3\aois_3\BidirectionalNN.cpp(60,22): message : при попытке сопоставить список аргументов "(std::vector<std::vector<int,std::allocator<int>>,std::allocator<std::vector<int,std::allocator<int>>>>, std::vector<std::vector<double,std::allocator<double>>,std::allocator<std::vector<double,std::allocator<double>>>>)"
E:\otisGIT\University\2 year\AOIS\src\aois_3\aois_3\BidirectionalNN.cpp(62,22): error C2664: "std::vector<std::vector<int,std::allocator<int>>,std::allocator<std::vector<int,std::allocator<int>>>> BidirectionalNN::multiplyMatrices(const std::vector<std::vector<int,std::allocator<int>>,std::allocator<std::vector<int,std::allocator<int>>>> &,const std::vector<std::vector<int,std::allocator<int>>,std::allocator<std::vector<int,std::allocator<int>>>> &)": невозможно преобразовать аргумент 2 из "std::vector<std::vector<double,std::allocator<double>>,std::allocator<std::vector<double,std::allocator<double>>>>" в "const std::vector<std::vector<int,std::allocator<int>>,std::allocator<std::vector<int,std::allocator<int>>>> &"
E:\otisGIT\University\2 year\AOIS\src\aois_3\aois_3\BidirectionalNN.cpp(62,52): message : Причина: невозможно преобразовать "std::vector<std::vector<double,std::allocator<double>>,std::allocator<std::vector<double,std::allocator<double>>>>" в "const std::vector<std::vector<int,std::allocator<int>>,std::allocator<std::vector<int,std::allocator<int>>>>"
E:\otisGIT\University\2 year\AOIS\src\aois_3\aois_3\BidirectionalNN.cpp(62,52): message : Для выполнения данного преобразования нет доступного оператора преобразования, определенного пользователем, или вызов оператора невозможен
E:\otisGIT\University\2 year\AOIS\src\aois_3\aois_3\BidirectionalNN.cpp(22,48): message : см. объявление "BidirectionalNN::multiplyMatrices"
E:\otisGIT\University\2 year\AOIS\src\aois_3\aois_3\BidirectionalNN.cpp(62,22): message : при попытке сопоставить список аргументов "(std::vector<std::vector<int,std::allocator<int>>,std::allocator<std::vector<int,std::allocator<int>>>>, std::vector<std::vector<double,std::allocator<double>>,std::allocator<std::vector<double,std::allocator<double>>>>)"
  aois_3.cpp
  Создание кода...
