  ShnorDigitalSignature.cpp
D:\GitHubRepo\University\3 year\KMZI\src\kmzi_3\kmzi_3\ShnorDigitalSignature.cpp(5,20): warning C4244: аргумент: преобразование "unsigned __int64" в "int", возможна потеря данных
D:\GitHubRepo\University\3 year\KMZI\src\kmzi_3\kmzi_3\ShnorDigitalSignature.cpp(8,28): warning C4244: аргумент: преобразование "unsigned __int64" в "int", возможна потеря данных
D:\GitHubRepo\University\3 year\KMZI\src\kmzi_3\kmzi_3\ShnorDigitalSignature.cpp(9,21): warning C4244: аргумент: преобразование "unsigned __int64" в "int", возможна потеря данных
D:\GitHubRepo\University\3 year\KMZI\src\kmzi_3\kmzi_3\ShnorDigitalSignature.cpp(10,32): warning C4244: аргумент: преобразование "unsigned __int64" в "int", возможна потеря данных
D:\GitHubRepo\University\3 year\KMZI\src\kmzi_3\kmzi_3\ShnorDigitalSignature.cpp(12,28): warning C4244: аргумент: преобразование "unsigned __int64" в "int", возможна потеря данных
D:\GitHubRepo\University\3 year\KMZI\src\kmzi_3\kmzi_3\ShnorDigitalSignature.cpp(13,25): warning C4244: аргумент: преобразование "unsigned __int64" в "int", возможна потеря данных
D:\GitHubRepo\University\3 year\KMZI\src\kmzi_3\kmzi_3\ShnorDigitalSignature.cpp(15,17): warning C4244: =: преобразование "double" в "unsigned __int64", возможна потеря данных
D:\GitHubRepo\University\3 year\KMZI\src\kmzi_3\kmzi_3\ShnorDigitalSignature.cpp(60,47): warning C4244: аргумент: преобразование "unsigned __int64" в "int", возможна потеря данных
D:\GitHubRepo\University\3 year\KMZI\src\kmzi_3\kmzi_3\ShnorDigitalSignature.cpp(61,41): warning C4244: аргумент: преобразование "unsigned __int64" в "int", возможна потеря данных
D:\GitHubRepo\University\3 year\KMZI\src\kmzi_3\kmzi_3\ShnorDigitalSignature.cpp(61,38): warning C4244: аргумент: преобразование "unsigned __int64" в "int", возможна потеря данных
D:\GitHubRepo\University\3 year\KMZI\src\kmzi_3\kmzi_3\ShnorDigitalSignature.cpp(61,35): warning C4244: аргумент: преобразование "unsigned __int64" в "int", возможна потеря данных
D:\GitHubRepo\University\3 year\KMZI\src\kmzi_3\kmzi_3\ShnorDigitalSignature.cpp(71,41): warning C4244: аргумент: преобразование "unsigned __int64" в "int", возможна потеря данных
D:\GitHubRepo\University\3 year\KMZI\src\kmzi_3\kmzi_3\ShnorDigitalSignature.cpp(78,56): warning C4244: аргумент: преобразование "unsigned __int64" в "int", возможна потеря данных
D:\GitHubRepo\University\3 year\KMZI\src\kmzi_3\kmzi_3\ShnorDigitalSignature.cpp(78,47): warning C4244: аргумент: преобразование "_Ty2" в "int", возможна потеря данных
D:\GitHubRepo\University\3 year\KMZI\src\kmzi_3\kmzi_3\ShnorDigitalSignature.cpp(78,47): warning C4244:         with
D:\GitHubRepo\University\3 year\KMZI\src\kmzi_3\kmzi_3\ShnorDigitalSignature.cpp(78,47): warning C4244:         [
D:\GitHubRepo\University\3 year\KMZI\src\kmzi_3\kmzi_3\ShnorDigitalSignature.cpp(78,47): warning C4244:             _Ty2=unsigned __int64
D:\GitHubRepo\University\3 year\KMZI\src\kmzi_3\kmzi_3\ShnorDigitalSignature.cpp(78,47): warning C4244:         ]
D:\GitHubRepo\University\3 year\KMZI\src\kmzi_3\kmzi_3\ShnorDigitalSignature.cpp(78,35): warning C4244: аргумент: преобразование "unsigned __int64" в "int", возможна потеря данных
D:\GitHubRepo\University\3 year\KMZI\src\kmzi_3\kmzi_3\ShnorDigitalSignature.cpp(78,88): warning C4244: аргумент: преобразование "unsigned __int64" в "int", возможна потеря данных
D:\GitHubRepo\University\3 year\KMZI\src\kmzi_3\kmzi_3\ShnorDigitalSignature.cpp(78,80): warning C4244: аргумент: преобразование "_Ty1" в "int", возможна потеря данных
D:\GitHubRepo\University\3 year\KMZI\src\kmzi_3\kmzi_3\ShnorDigitalSignature.cpp(78,80): warning C4244:         with
D:\GitHubRepo\University\3 year\KMZI\src\kmzi_3\kmzi_3\ShnorDigitalSignature.cpp(78,80): warning C4244:         [
D:\GitHubRepo\University\3 year\KMZI\src\kmzi_3\kmzi_3\ShnorDigitalSignature.cpp(78,80): warning C4244:             _Ty1=unsigned __int64
D:\GitHubRepo\University\3 year\KMZI\src\kmzi_3\kmzi_3\ShnorDigitalSignature.cpp(78,80): warning C4244:         ]
D:\GitHubRepo\University\3 year\KMZI\src\kmzi_3\kmzi_3\ShnorDigitalSignature.cpp(78,68): warning C4244: аргумент: преобразование "unsigned __int64" в "int", возможна потеря данных
D:\GitHubRepo\University\3 year\KMZI\src\kmzi_3\kmzi_3\ShnorDigitalSignature.cpp(88,40): warning C4244: аргумент: преобразование "unsigned __int64" в "int", возможна потеря данных
  kmzi_3.vcxproj -> D:\GitHubRepo\University\3 year\KMZI\src\kmzi_3\x64\Debug\kmzi_3.exe
